<?xml version="1.0" encoding="UTF-8"?>
<!-- Generated by org.testng.reporters.JUnitReportReporter -->
<testsuite skipped="0" hostname="DELL-PC" name="passparameter.fromtestng.xml.ParameterPassFromNgXml" tests="1" failures="0" timestamp="01 Oct 2022 04:59:15 GMT" time="30.433" errors="0">
  <testcase name="login" time="30.433" classname="passparameter.fromtestng.xml.ParameterPassFromNgXml"/>
</testsuite> <!-- passparameter.fromtestng.xml.ParameterPassFromNgXml -->
