<?xml version="1.0" encoding="UTF-8"?>
<!-- Generated by org.testng.reporters.JUnitReportReporter -->
<testsuite skipped="0" hostname="DELL-PC" name="com.parallel.execution.Amezon" tests="1" failures="0" timestamp="01 Oct 2022 04:02:09 GMT" time="0.051" errors="0">
  <testcase name="test1" time="0.051" classname="com.parallel.execution.Amezon"/>
</testsuite> <!-- com.parallel.execution.Amezon -->
