<?xml version="1.0" encoding="UTF-8"?>
<!-- Generated by org.testng.reporters.JUnitReportReporter -->
<testsuite skipped="0" hostname="DELL-PC" name="grouping.testng.Grouping" tests="2" failures="0" timestamp="01 Oct 2022 08:37:25 GMT" time="0.018" errors="0">
  <testcase name="test3" time="0.002" classname="grouping.testng.Grouping"/>
  <testcase name="test1" time="0.016" classname="grouping.testng.Grouping"/>
</testsuite> <!-- grouping.testng.Grouping -->
