<?xml version="1.0" encoding="UTF-8"?>
<!-- Generated by org.testng.reporters.JUnitReportReporter -->
<testsuite skipped="0" hostname="DELL-PC" name="data.provider.DataProviderCheck" tests="3" failures="0" timestamp="01 Oct 2022 05:23:22 GMT" time="29.859" errors="0">
  <testcase name="login" time="9.790" classname="data.provider.DataProviderCheck"/>
  <testcase name="login" time="9.039" classname="data.provider.DataProviderCheck"/>
  <testcase name="login" time="11.030" classname="data.provider.DataProviderCheck"/>
</testsuite> <!-- data.provider.DataProviderCheck -->
